<?xml version="1.0" encoding="UTF-8"?>
<testsuite xmlns:xsi="http://www.w3.org/2001/XMLSchema-instance" xsi:noNamespaceSchemaLocation="https://maven.apache.org/surefire/maven-surefire-plugin/xsd/surefire-test-report.xsd" name="CrawlerAPITest" time="1.726" tests="3" errors="0" skipped="0" failures="0">
  <properties>
[...]
</properties>
  <testcase name="testPostCrawl_ValidRequest_ShouldReturnId" classname="CrawlerAPITest" time="1.497"/>
  <testcase name="testPostCrawl_InvalidKeyword_ShouldReturn400" classname="CrawlerAPITest" time="0.008"/>
  <testcase name="testGetCrawl_UnknownId_ShouldReturn404" classname="CrawlerAPITest" time="0.016"/>
</testsuite>